<?xml version="1.0" encoding="UTF-8"?>
<testng-results ignored="0" total="1" passed="1" failed="0" skipped="0">
  <reporter-output>
  </reporter-output>
  <suite started-at="2019-10-26T05:50:36 CEST" name="Default suite" finished-at="2019-10-26T05:51:24 CEST" duration-ms="47803">
    <groups>
    </groups>
    <test started-at="2019-10-26T05:50:36 CEST" name="Default test" finished-at="2019-10-26T05:51:24 CEST" duration-ms="47803">
      <class name="Week1Assignment1.TestNG_ExcelTestEngine">
        <test-method is-config="true" signature="beforeSuite()[pri:0, instance:Week1Assignment1.TestNG_ExcelTestEngine@6b8d96d9]" started-at="2019-10-26T05:50:35 CEST" name="beforeSuite" finished-at="2019-10-26T05:50:36 CEST" duration-ms="1188" status="PASS">
          <reporter-output>
          </reporter-output>
        </test-method> <!-- beforeSuite -->
        <test-method is-config="true" signature="beforeTest()[pri:0, instance:Week1Assignment1.TestNG_ExcelTestEngine@6b8d96d9]" started-at="2019-10-26T05:50:36 CEST" name="beforeTest" finished-at="2019-10-26T05:50:36 CEST" duration-ms="1" status="PASS">
          <reporter-output>
          </reporter-output>
        </test-method> <!-- beforeTest -->
        <test-method signature="ExcelTestSuitRun()[pri:0, instance:Week1Assignment1.TestNG_ExcelTestEngine@6b8d96d9]" started-at="2019-10-26T05:50:36 CEST" name="ExcelTestSuitRun" finished-at="2019-10-26T05:51:22 CEST" duration-ms="45743" status="PASS">
          <reporter-output>
          </reporter-output>
        </test-method> <!-- ExcelTestSuitRun -->
        <test-method is-config="true" signature="afterTest()[pri:0, instance:Week1Assignment1.TestNG_ExcelTestEngine@6b8d96d9]" started-at="2019-10-26T05:51:22 CEST" name="afterTest" finished-at="2019-10-26T05:51:24 CEST" duration-ms="1858" status="PASS">
          <reporter-output>
          </reporter-output>
        </test-method> <!-- afterTest -->
        <test-method is-config="true" signature="afterSuite()[pri:0, instance:Week1Assignment1.TestNG_ExcelTestEngine@6b8d96d9]" started-at="2019-10-26T05:51:24 CEST" name="afterSuite" finished-at="2019-10-26T05:51:24 CEST" duration-ms="0" status="PASS">
          <reporter-output>
          </reporter-output>
        </test-method> <!-- afterSuite -->
      </class> <!-- Week1Assignment1.TestNG_ExcelTestEngine -->
    </test> <!-- Default test -->
  </suite> <!-- Default suite -->
</testng-results>
